<?xml version="1.0" encoding="UTF-8"?><testsuite errors="1" failures="1" name="com.gettingstarted.tests.MyFirstTest" skipped="0" tests="3" time="42.77" timestamp="2021-02-18 01:59:13"><testcase classname="com.gettingstarted.tests.MyFirstTest" name="Comprueba el enlace del coronavirus en la página principal"><error message="no such element: Unable to locate element: {&quot;method&quot;:&quot;xpath&quot;,&quot;selector&quot;:&quot;//span[contains(.,'11Sí')]&quot;}&#10;  (Session info: chrome=88.0.4324.96)&#10;  (Driver info: chromedriver=2.44.609538 (b655c5a60b0b544917107a59d4153d4bf78e1b90),platform=Windows NT 10.0.17763 x86_64) (WARNING: The server did not provide any stacktrace information)&#10;Command duration or timeout: 0 milliseconds&#10;For documentation on this error, please visit: https://www.seleniumhq.org/exceptions/no_such_element.html&#10;Build info: version: '3.141.59', revision: 'e82be7d358', time: '2018-11-14T08:17:03'&#10;System info: host: 'ES3027813W1', ip: '192.168.1.23', os.name: 'Windows 10', os.arch: 'amd64', os.version: '10.0', java.version: '11.0.9'&#10;Driver info: org.openqa.selenium.chrome.ChromeDriver&#10;Capabilities {acceptInsecureCerts: false, acceptSslCerts: false, applicationCacheEnabled: false, browserConnectionEnabled: false, browserName: chrome, chrome: {chromedriverVersion: 2.44.609538 (b655c5a60b0b54..., userDataDir: C:\Users\MB773HM\AppData\Lo...}, cssSelectorsEnabled: true, databaseEnabled: false, goog:chromeOptions: {debuggerAddress: localhost:49156}, handlesAlerts: true, hasTouchScreen: false, javascriptEnabled: true, locationContextEnabled: true, mobileEmulationEnabled: false, nativeEvents: true, networkConnectionEnabled: false, pageLoadStrategy: normal, platform: XP, platformName: XP, rotatable: false, setWindowRect: true, takesHeapSnapshot: true, takesScreenshot: true, unexpectedAlertBehaviour: ignore, unhandledPromptBehavior: ignore, version: 88.0.4324.96, webStorageEnabled: true}&#10;Session ID: 94da15c4a70ab7655f6bf02af99404b4&#10;*** Element info: {Using=xpath, value=//span[contains(.,'11Sí')]}" type="org.openqa.selenium.NoSuchElementException">no such element: Unable to locate element: {"method":"xpath","selector":"//span[contains(.,'11Sí')]"}
  (Session info: chrome=88.0.4324.96)
  (Driver info: chromedriver=2.44.609538 (b655c5a60b0b544917107a59d4153d4bf78e1b90),platform=Windows NT 10.0.17763 x86_64) (WARNING: The server did not provide any stacktrace information)
Command duration or timeout: 0 milliseconds
For documentation on this error, please visit: https://www.seleniumhq.org/exceptions/no_such_element.html
Build info: version: '3.141.59', revision: 'e82be7d358', time: '2018-11-14T08:17:03'
System info: host: 'ES3027813W1', ip: '192.168.1.23', os.name: 'Windows 10', os.arch: 'amd64', os.version: '10.0', java.version: '11.0.9'
Driver info: org.openqa.selenium.chrome.ChromeDriver
Capabilities {acceptInsecureCerts: false, acceptSslCerts: false, applicationCacheEnabled: false, browserConnectionEnabled: false, browserName: chrome, chrome: {chromedriverVersion: 2.44.609538 (b655c5a60b0b54..., userDataDir: C:\Users\MB773HM\AppData\Lo...}, cssSelectorsEnabled: true, databaseEnabled: false, goog:chromeOptions: {debuggerAddress: localhost:49156}, handlesAlerts: true, hasTouchScreen: false, javascriptEnabled: true, locationContextEnabled: true, mobileEmulationEnabled: false, nativeEvents: true, networkConnectionEnabled: false, pageLoadStrategy: normal, platform: XP, platformName: XP, rotatable: false, setWindowRect: true, takesHeapSnapshot: true, takesScreenshot: true, unexpectedAlertBehaviour: ignore, unhandledPromptBehavior: ignore, version: 88.0.4324.96, webStorageEnabled: true}
Session ID: 94da15c4a70ab7655f6bf02af99404b4
*** Element info: {Using=xpath, value=//span[contains(.,'11Sí')]}</error><system-err>no such element: Unable to locate element: {"method":"xpath","selector":"//span[contains(.,'11Sí')]"}
  (Session info: chrome=88.0.4324.96)
  (Driver info: chromedriver=2.44.609538 (b655c5a60b0b544917107a59d4153d4bf78e1b90),platform=Windows NT 10.0.17763 x86_64) (WARNING: The server did not provide any stacktrace information)
Command duration or timeout: 0 milliseconds
For documentation on this error, please visit: https://www.seleniumhq.org/exceptions/no_such_element.html
Build info: version: '3.141.59', revision: 'e82be7d358', time: '2018-11-14T08:17:03'
System info: host: 'ES3027813W1', ip: '192.168.1.23', os.name: 'Windows 10', os.arch: 'amd64', os.version: '10.0', java.version: '11.0.9'
Driver info: org.openqa.selenium.chrome.ChromeDriver
Capabilities {acceptInsecureCerts: false, acceptSslCerts: false, applicationCacheEnabled: false, browserConnectionEnabled: false, browserName: chrome, chrome: {chromedriverVersion: 2.44.609538 (b655c5a60b0b54..., userDataDir: C:\Users\MB773HM\AppData\Lo...}, cssSelectorsEnabled: true, databaseEnabled: false, goog:chromeOptions: {debuggerAddress: localhost:49156}, handlesAlerts: true, hasTouchScreen: false, javascriptEnabled: true, locationContextEnabled: true, mobileEmulationEnabled: false, nativeEvents: true, networkConnectionEnabled: false, pageLoadStrategy: normal, platform: XP, platformName: XP, rotatable: false, setWindowRect: true, takesHeapSnapshot: true, takesScreenshot: true, unexpectedAlertBehaviour: ignore, unhandledPromptBehavior: ignore, version: 88.0.4324.96, webStorageEnabled: true}
Session ID: 94da15c4a70ab7655f6bf02af99404b4
*** Element info: {Using=xpath, value=//span[contains(.,'11Sí')]}&#13;
com.gettingstarted.tests.MyFirstTest.comprobarEnlaceCoronavirus(MyFirstTest.java:84)&#13;
</system-err></testcase><testcase classname="com.gettingstarted.tests.MyFirstTest" name="Comprueba pulsar más y entrar en privacidad"><failure message="expected:&lt;true&gt; but was:&lt;false&gt;" type="java.lang.AssertionError">expected:&lt;true&gt; but was:&lt;false&gt;</failure><system-err>expected:&lt;true&gt; but was:&lt;false&gt;&#13;
com.gettingstarted.tests.MyFirstTest.masPrivacidad(MyFirstTest.java:57)&#13;
</system-err></testcase><testcase classname="com.gettingstarted.tests.MyFirstTest" name="Comprueba el popup del teléfono en la página principal"/></testsuite>